I1028 13:48:02.815676 27620 convert_imageset.cpp:86] Shuffling data
I1028 13:48:03.614166 27620 convert_imageset.cpp:89] A total of 52745 images.
I1028 13:48:03.614351 27620 db_lmdb.cpp:35] Opened lmdb ./sec_0/train_lmdb
I1028 13:48:07.340011 27620 convert_imageset.cpp:147] Processed 1000 files.
I1028 13:48:11.114817 27620 convert_imageset.cpp:147] Processed 2000 files.
I1028 13:48:14.798074 27620 convert_imageset.cpp:147] Processed 3000 files.
I1028 13:48:18.547922 27620 convert_imageset.cpp:147] Processed 4000 files.
I1028 13:48:22.331151 27620 convert_imageset.cpp:147] Processed 5000 files.
I1028 13:48:26.022624 27620 convert_imageset.cpp:147] Processed 6000 files.
I1028 13:48:29.822553 27620 convert_imageset.cpp:147] Processed 7000 files.
I1028 13:48:33.622375 27620 convert_imageset.cpp:147] Processed 8000 files.
I1028 13:48:37.405695 27620 convert_imageset.cpp:147] Processed 9000 files.
I1028 13:48:41.280418 27620 convert_imageset.cpp:147] Processed 10000 files.
I1028 13:48:45.121960 27620 convert_imageset.cpp:147] Processed 11000 files.
I1028 13:48:48.821816 27620 convert_imageset.cpp:147] Processed 12000 files.
I1028 13:48:52.580034 27620 convert_imageset.cpp:147] Processed 13000 files.
I1028 13:48:56.321602 27620 convert_imageset.cpp:147] Processed 14000 files.
I1028 13:49:00.046435 27620 convert_imageset.cpp:147] Processed 15000 files.
I1028 13:49:03.829601 27620 convert_imageset.cpp:147] Processed 16000 files.
I1028 13:49:07.562820 27620 convert_imageset.cpp:147] Processed 17000 files.
I1028 13:49:11.337682 27620 convert_imageset.cpp:147] Processed 18000 files.
I1028 13:49:15.129238 27620 convert_imageset.cpp:147] Processed 19000 files.
I1028 13:49:18.920722 27620 convert_imageset.cpp:147] Processed 20000 files.
I1028 13:49:22.637302 27620 convert_imageset.cpp:147] Processed 21000 files.
I1028 13:49:26.420459 27620 convert_imageset.cpp:147] Processed 22000 files.
I1028 13:49:30.170356 27620 convert_imageset.cpp:147] Processed 23000 files.
I1028 13:49:33.861857 27620 convert_imageset.cpp:147] Processed 24000 files.
I1028 13:49:37.603410 27620 convert_imageset.cpp:147] Processed 25000 files.
I1028 13:49:41.311583 27620 convert_imageset.cpp:147] Processed 26000 files.
I1028 13:49:45.164765 27620 convert_imageset.cpp:147] Processed 27000 files.
I1028 13:49:48.902979 27620 convert_imageset.cpp:147] Processed 28000 files.
I1028 13:49:52.744556 27620 convert_imageset.cpp:147] Processed 29000 files.
I1028 13:49:56.461079 27620 convert_imageset.cpp:147] Processed 30000 files.
I1028 13:50:00.260915 27620 convert_imageset.cpp:147] Processed 31000 files.
I1028 13:50:04.027446 27620 convert_imageset.cpp:147] Processed 32000 files.
I1028 13:50:07.802278 27620 convert_imageset.cpp:147] Processed 33000 files.
I1028 13:50:11.635347 27620 convert_imageset.cpp:147] Processed 34000 files.
I1028 13:50:15.385397 27620 convert_imageset.cpp:147] Processed 35000 files.
I1028 13:50:19.143529 27620 convert_imageset.cpp:147] Processed 36000 files.
I1028 13:50:22.968535 27620 convert_imageset.cpp:147] Processed 37000 files.
I1028 13:50:26.801612 27620 convert_imageset.cpp:147] Processed 38000 files.
I1028 13:50:30.551519 27620 convert_imageset.cpp:147] Processed 39000 files.
I1028 13:50:34.351336 27620 convert_imageset.cpp:147] Processed 40000 files.
I1028 13:50:38.126201 27620 convert_imageset.cpp:147] Processed 41000 files.
I1028 13:50:41.834414 27620 convert_imageset.cpp:147] Processed 42000 files.
I1028 13:50:45.700932 27620 convert_imageset.cpp:147] Processed 43000 files.
I1028 13:50:49.442404 27620 convert_imageset.cpp:147] Processed 44000 files.
I1028 13:50:53.225621 27620 convert_imageset.cpp:147] Processed 45000 files.
I1028 13:50:57.000486 27620 convert_imageset.cpp:147] Processed 46000 files.
I1028 13:51:00.858710 27620 convert_imageset.cpp:147] Processed 47000 files.
I1028 13:51:04.650177 27620 convert_imageset.cpp:147] Processed 48000 files.
I1028 13:51:08.433287 27620 convert_imageset.cpp:147] Processed 49000 files.
I1028 13:51:12.157922 27620 convert_imageset.cpp:147] Processed 50000 files.
I1028 13:51:15.866458 27620 convert_imageset.cpp:147] Processed 51000 files.
I1028 13:51:19.707978 27620 convert_imageset.cpp:147] Processed 52000 files.
I1028 13:51:22.524413 27620 convert_imageset.cpp:153] Processed 52745 files.
train_lmdb done
I1028 13:51:22.625910 27673 convert_imageset.cpp:86] Shuffling data
I1028 13:51:23.419566 27673 convert_imageset.cpp:89] A total of 13186 images.
I1028 13:51:23.419749 27673 db_lmdb.cpp:35] Opened lmdb ./sec_0/val_lmdb
I1028 13:51:27.211292 27673 convert_imageset.cpp:147] Processed 1000 files.
I1028 13:51:31.102797 27673 convert_imageset.cpp:147] Processed 2000 files.
I1028 13:51:34.861093 27673 convert_imageset.cpp:147] Processed 3000 files.
I1028 13:51:38.669206 27673 convert_imageset.cpp:147] Processed 4000 files.
I1028 13:51:42.444072 27673 convert_imageset.cpp:147] Processed 5000 files.
I1028 13:51:46.152266 27673 convert_imageset.cpp:147] Processed 6000 files.
I1028 13:51:49.918799 27673 convert_imageset.cpp:147] Processed 7000 files.
I1028 13:51:53.701973 27673 convert_imageset.cpp:147] Processed 8000 files.
I1028 13:51:57.418537 27673 convert_imageset.cpp:147] Processed 9000 files.
I1028 13:52:01.343364 27673 convert_imageset.cpp:147] Processed 10000 files.
I1028 13:52:05.068230 27673 convert_imageset.cpp:147] Processed 11000 files.
I1028 13:52:08.842527 27673 convert_imageset.cpp:147] Processed 12000 files.
I1028 13:52:12.714772 27673 convert_imageset.cpp:147] Processed 13000 files.
I1028 13:52:13.531849 27673 convert_imageset.cpp:153] Processed 13186 files.
val_lmdb done
I1028 13:52:14.464727 27748 db_lmdb.cpp:35] Opened lmdb ./sec_0/train_lmdb
I1028 13:52:14.465507 27748 compute_image_mean.cpp:70] Starting iteration
I1028 13:52:15.839134 27748 compute_image_mean.cpp:95] Processed 10000 files.
I1028 13:52:17.222220 27748 compute_image_mean.cpp:95] Processed 20000 files.
I1028 13:52:18.582300 27748 compute_image_mean.cpp:95] Processed 30000 files.
I1028 13:52:19.939357 27748 compute_image_mean.cpp:95] Processed 40000 files.
I1028 13:52:21.296396 27748 compute_image_mean.cpp:95] Processed 50000 files.
I1028 13:52:21.668779 27748 compute_image_mean.cpp:101] Processed 52745 files.
I1028 13:52:21.668957 27748 compute_image_mean.cpp:108] Write to ./sec_0/mean.binaryproto
I1028 13:52:21.669802 27748 compute_image_mean.cpp:114] Number of channels: 3
I1028 13:52:21.669884 27748 compute_image_mean.cpp:119] mean_value channel [0]: 103.285
I1028 13:52:21.669982 27748 compute_image_mean.cpp:119] mean_value channel [1]: 104.944
I1028 13:52:21.670061 27748 compute_image_mean.cpp:119] mean_value channel [2]: 86.9343
mean done
I1028 13:52:21.995621 27766 convert_imageset.cpp:86] Shuffling data
I1028 13:52:22.766225 27766 convert_imageset.cpp:89] A total of 52745 images.
I1028 13:52:22.766414 27766 db_lmdb.cpp:35] Opened lmdb ./sec_1/train_lmdb
I1028 13:52:26.546896 27766 convert_imageset.cpp:147] Processed 1000 files.
I1028 13:52:30.363384 27766 convert_imageset.cpp:147] Processed 2000 files.
I1028 13:52:34.054953 27766 convert_imageset.cpp:147] Processed 3000 files.
I1028 13:52:38.088121 27766 convert_imageset.cpp:147] Processed 4000 files.
I1028 13:52:41.837990 27766 convert_imageset.cpp:147] Processed 5000 files.
I1028 13:52:45.637832 27766 convert_imageset.cpp:147] Processed 6000 files.
I1028 13:52:49.487668 27766 convert_imageset.cpp:147] Processed 7000 files.
I1028 13:52:53.304241 27766 convert_imageset.cpp:147] Processed 8000 files.
I1028 13:52:57.037469 27766 convert_imageset.cpp:147] Processed 9000 files.
I1028 13:53:00.845598 27766 convert_imageset.cpp:147] Processed 10000 files.
I1028 13:53:04.612128 27766 convert_imageset.cpp:147] Processed 11000 files.
I1028 13:53:08.361984 27766 convert_imageset.cpp:147] Processed 12000 files.
I1028 13:53:12.128525 27766 convert_imageset.cpp:147] Processed 13000 files.
I1028 13:53:15.953411 27766 convert_imageset.cpp:147] Processed 14000 files.
I1028 13:53:19.678208 27766 convert_imageset.cpp:147] Processed 15000 files.
I1028 13:53:23.486448 27766 convert_imageset.cpp:147] Processed 16000 files.
I1028 13:53:27.269675 27766 convert_imageset.cpp:147] Processed 17000 files.
I1028 13:53:31.002835 27766 convert_imageset.cpp:147] Processed 18000 files.
I1028 13:53:34.802700 27766 convert_imageset.cpp:147] Processed 19000 files.
I1028 13:53:38.544199 27766 convert_imageset.cpp:147] Processed 20000 files.
I1028 13:53:42.327428 27766 convert_imageset.cpp:147] Processed 21000 files.
I1028 13:53:46.068912 27766 convert_imageset.cpp:147] Processed 22000 files.
I1028 13:53:49.968782 27766 convert_imageset.cpp:147] Processed 23000 files.
I1028 13:53:53.710310 27766 convert_imageset.cpp:147] Processed 24000 files.
I1028 13:53:57.493537 27766 convert_imageset.cpp:147] Processed 25000 files.
I1028 13:54:01.243356 27766 convert_imageset.cpp:147] Processed 26000 files.
I1028 13:54:05.009897 27766 convert_imageset.cpp:147] Processed 27000 files.
I1028 13:54:08.801431 27766 convert_imageset.cpp:147] Processed 28000 files.
I1028 13:54:12.584616 27766 convert_imageset.cpp:147] Processed 29000 files.
I1028 13:54:16.371773 27766 convert_imageset.cpp:147] Processed 30000 files.
I1028 13:54:20.217628 27766 convert_imageset.cpp:147] Processed 31000 files.
I1028 13:54:24.125846 27766 convert_imageset.cpp:147] Processed 32000 files.
I1028 13:54:27.900671 27766 convert_imageset.cpp:147] Processed 33000 files.
I1028 13:54:31.667212 27766 convert_imageset.cpp:147] Processed 34000 files.
I1028 13:54:35.425480 27766 convert_imageset.cpp:147] Processed 35000 files.
I1028 13:54:39.150286 27766 convert_imageset.cpp:147] Processed 36000 files.
I1028 13:54:42.933501 27766 convert_imageset.cpp:147] Processed 37000 files.
I1028 13:54:46.725046 27766 convert_imageset.cpp:147] Processed 38000 files.
I1028 13:54:50.416520 27766 convert_imageset.cpp:147] Processed 39000 files.
I1028 13:54:54.224721 27766 convert_imageset.cpp:147] Processed 40000 files.
I1028 13:54:57.999579 27766 convert_imageset.cpp:147] Processed 41000 files.
I1028 13:55:01.749405 27766 convert_imageset.cpp:147] Processed 42000 files.
I1028 13:55:05.490975 27766 convert_imageset.cpp:147] Processed 43000 files.
I1028 13:55:09.315812 27766 convert_imageset.cpp:147] Processed 44000 files.
I1028 13:55:13.065667 27766 convert_imageset.cpp:147] Processed 45000 files.
I1028 13:55:16.840517 27766 convert_imageset.cpp:147] Processed 46000 files.
I1028 13:55:20.632036 27766 convert_imageset.cpp:147] Processed 47000 files.
I1028 13:55:24.373569 27766 convert_imageset.cpp:147] Processed 48000 files.
I1028 13:55:28.156797 27766 convert_imageset.cpp:147] Processed 49000 files.
I1028 13:55:31.923308 27766 convert_imageset.cpp:147] Processed 50000 files.
I1028 13:55:35.639835 27766 convert_imageset.cpp:147] Processed 51000 files.
I1028 13:55:39.398013 27766 convert_imageset.cpp:147] Processed 52000 files.
I1028 13:55:42.264447 27766 convert_imageset.cpp:153] Processed 52745 files.
train_lmdb done
I1028 13:55:42.367537 27796 convert_imageset.cpp:86] Shuffling data
I1028 13:55:43.162487 27796 convert_imageset.cpp:89] A total of 13186 images.
I1028 13:55:43.162660 27796 db_lmdb.cpp:35] Opened lmdb ./sec_1/val_lmdb
I1028 13:55:46.914747 27796 convert_imageset.cpp:147] Processed 1000 files.
I1028 13:55:50.730828 27796 convert_imageset.cpp:147] Processed 2000 files.
I1028 13:55:54.522816 27796 convert_imageset.cpp:147] Processed 3000 files.
I1028 13:55:58.239259 27796 convert_imageset.cpp:147] Processed 4000 files.
I1028 13:56:02.005846 27796 convert_imageset.cpp:147] Processed 5000 files.
I1028 13:56:05.764001 27796 convert_imageset.cpp:147] Processed 6000 files.
I1028 13:56:09.647245 27796 convert_imageset.cpp:147] Processed 7000 files.
I1028 13:56:13.455373 27796 convert_imageset.cpp:147] Processed 8000 files.
I1028 13:56:17.255308 27796 convert_imageset.cpp:147] Processed 9000 files.
I1028 13:56:20.980069 27796 convert_imageset.cpp:147] Processed 10000 files.
I1028 13:56:24.738333 27796 convert_imageset.cpp:147] Processed 11000 files.
I1028 13:56:28.546481 27796 convert_imageset.cpp:147] Processed 12000 files.
I1028 13:56:32.296375 27796 convert_imageset.cpp:147] Processed 13000 files.
I1028 13:56:33.062543 27796 convert_imageset.cpp:153] Processed 13186 files.
val_lmdb done
I1028 13:56:34.644372 27814 db_lmdb.cpp:35] Opened lmdb ./sec_1/train_lmdb
I1028 13:56:34.645157 27814 compute_image_mean.cpp:70] Starting iteration
I1028 13:56:36.001641 27814 compute_image_mean.cpp:95] Processed 10000 files.
I1028 13:56:37.355971 27814 compute_image_mean.cpp:95] Processed 20000 files.
I1028 13:56:38.710049 27814 compute_image_mean.cpp:95] Processed 30000 files.
I1028 13:56:40.064319 27814 compute_image_mean.cpp:95] Processed 40000 files.
I1028 13:56:41.419595 27814 compute_image_mean.cpp:95] Processed 50000 files.
I1028 13:56:41.791384 27814 compute_image_mean.cpp:101] Processed 52745 files.
I1028 13:56:41.791558 27814 compute_image_mean.cpp:108] Write to ./sec_1/mean.binaryproto
I1028 13:56:41.792366 27814 compute_image_mean.cpp:114] Number of channels: 3
I1028 13:56:41.792451 27814 compute_image_mean.cpp:119] mean_value channel [0]: 103.352
I1028 13:56:41.792544 27814 compute_image_mean.cpp:119] mean_value channel [1]: 104.994
I1028 13:56:41.792619 27814 compute_image_mean.cpp:119] mean_value channel [2]: 86.9953
mean done
I1028 13:56:42.185336 27827 convert_imageset.cpp:86] Shuffling data
I1028 13:56:42.957311 27827 convert_imageset.cpp:89] A total of 52745 images.
I1028 13:56:42.957516 27827 db_lmdb.cpp:35] Opened lmdb ./sec_2/train_lmdb
I1028 13:56:46.755056 27827 convert_imageset.cpp:147] Processed 1000 files.
I1028 13:56:50.488230 27827 convert_imageset.cpp:147] Processed 2000 files.
I1028 13:56:54.238114 27827 convert_imageset.cpp:147] Processed 3000 files.
I1028 13:56:58.012907 27827 convert_imageset.cpp:147] Processed 4000 files.
I1028 13:57:01.796149 27827 convert_imageset.cpp:147] Processed 5000 files.
I1028 13:57:05.604318 27827 convert_imageset.cpp:147] Processed 6000 files.
I1028 13:57:09.404196 27827 convert_imageset.cpp:147] Processed 7000 files.
I1028 13:57:13.179039 27827 convert_imageset.cpp:147] Processed 8000 files.
I1028 13:57:16.953932 27827 convert_imageset.cpp:147] Processed 9000 files.
I1028 13:57:20.912133 27827 convert_imageset.cpp:147] Processed 10000 files.
I1028 13:57:24.911896 27827 convert_imageset.cpp:147] Processed 11000 files.
I1028 13:57:28.820107 27827 convert_imageset.cpp:147] Processed 12000 files.
I1028 13:57:32.578326 27827 convert_imageset.cpp:147] Processed 13000 files.
I1028 13:57:36.336477 27827 convert_imageset.cpp:147] Processed 14000 files.
I1028 13:57:40.086364 27827 convert_imageset.cpp:147] Processed 15000 files.
I1028 13:57:43.886245 27827 convert_imageset.cpp:147] Processed 16000 files.
I1028 13:57:47.627692 27827 convert_imageset.cpp:147] Processed 17000 files.
I1028 13:57:51.435892 27827 convert_imageset.cpp:147] Processed 18000 files.
I1028 13:57:55.510776 27827 convert_imageset.cpp:147] Processed 19000 files.
I1028 13:57:59.293946 27827 convert_imageset.cpp:147] Processed 20000 files.
I1028 13:58:03.043833 27827 convert_imageset.cpp:147] Processed 21000 files.
I1028 13:58:06.810326 27827 convert_imageset.cpp:147] Processed 22000 files.
I1028 13:58:10.526620 27827 convert_imageset.cpp:147] Processed 23000 files.
I1028 13:58:14.335043 27827 convert_imageset.cpp:147] Processed 24000 files.
I1028 13:58:18.076597 27827 convert_imageset.cpp:147] Processed 25000 files.
I1028 13:58:21.834758 27827 convert_imageset.cpp:147] Processed 26000 files.
I1028 13:58:25.559640 27827 convert_imageset.cpp:147] Processed 27000 files.
I1028 13:58:29.442775 27827 convert_imageset.cpp:147] Processed 28000 files.
I1028 13:58:33.184356 27827 convert_imageset.cpp:147] Processed 29000 files.
I1028 13:58:36.958948 27827 convert_imageset.cpp:147] Processed 30000 files.
I1028 13:58:40.734074 27827 convert_imageset.cpp:147] Processed 31000 files.
I1028 13:58:44.467245 27827 convert_imageset.cpp:147] Processed 32000 files.
I1028 13:58:48.300460 27827 convert_imageset.cpp:147] Processed 33000 files.
I1028 13:58:52.033599 27827 convert_imageset.cpp:147] Processed 34000 files.
I1028 13:58:55.791827 27827 convert_imageset.cpp:147] Processed 35000 files.
I1028 13:58:59.566695 27827 convert_imageset.cpp:147] Processed 36000 files.
I1028 13:59:03.374892 27827 convert_imageset.cpp:147] Processed 37000 files.
I1028 13:59:07.141441 27827 convert_imageset.cpp:147] Processed 38000 files.
I1028 13:59:10.932929 27827 convert_imageset.cpp:147] Processed 39000 files.
I1028 13:59:14.741139 27827 convert_imageset.cpp:147] Processed 40000 files.
I1028 13:59:18.499323 27827 convert_imageset.cpp:147] Processed 41000 files.
I1028 13:59:22.249183 27827 convert_imageset.cpp:147] Processed 42000 files.
I1028 13:59:26.040670 27827 convert_imageset.cpp:147] Processed 43000 files.
I1028 13:59:29.782160 27827 convert_imageset.cpp:147] Processed 44000 files.
I1028 13:59:33.565433 27827 convert_imageset.cpp:147] Processed 45000 files.
I1028 13:59:37.373600 27827 convert_imageset.cpp:147] Processed 46000 files.
I1028 13:59:41.148412 27827 convert_imageset.cpp:147] Processed 47000 files.
I1028 13:59:44.906595 27827 convert_imageset.cpp:147] Processed 48000 files.
I1028 13:59:48.681514 27827 convert_imageset.cpp:147] Processed 49000 files.
I1028 13:59:52.448006 27827 convert_imageset.cpp:147] Processed 50000 files.
I1028 13:59:56.206224 27827 convert_imageset.cpp:147] Processed 51000 files.
I1028 13:59:59.997671 27827 convert_imageset.cpp:147] Processed 52000 files.
I1028 14:00:02.780663 27827 convert_imageset.cpp:153] Processed 52745 files.
train_lmdb done
I1028 14:00:03.533232 27862 convert_imageset.cpp:86] Shuffling data
I1028 14:00:04.378414 27862 convert_imageset.cpp:89] A total of 13186 images.
I1028 14:00:04.378708 27862 db_lmdb.cpp:35] Opened lmdb ./sec_2/val_lmdb
I1028 14:00:08.174196 27862 convert_imageset.cpp:147] Processed 1000 files.
I1028 14:00:11.882349 27862 convert_imageset.cpp:147] Processed 2000 files.
I1028 14:00:15.782254 27862 convert_imageset.cpp:147] Processed 3000 files.
I1028 14:00:19.507063 27862 convert_imageset.cpp:147] Processed 4000 files.
I1028 14:00:23.365304 27862 convert_imageset.cpp:147] Processed 5000 files.
I1028 14:00:27.148443 27862 convert_imageset.cpp:147] Processed 6000 files.
I1028 14:00:30.923319 27862 convert_imageset.cpp:147] Processed 7000 files.
I1028 14:00:34.764814 27862 convert_imageset.cpp:147] Processed 8000 files.
I1028 14:00:38.531370 27862 convert_imageset.cpp:147] Processed 9000 files.
I1028 14:00:42.339550 27862 convert_imageset.cpp:147] Processed 10000 files.
I1028 14:00:46.164407 27862 convert_imageset.cpp:147] Processed 11000 files.
I1028 14:00:50.047583 27862 convert_imageset.cpp:147] Processed 12000 files.
I1028 14:00:53.905787 27862 convert_imageset.cpp:147] Processed 13000 files.
I1028 14:00:54.680327 27862 convert_imageset.cpp:153] Processed 13186 files.
val_lmdb done
I1028 14:00:55.614388 27877 db_lmdb.cpp:35] Opened lmdb ./sec_2/train_lmdb
I1028 14:00:55.615172 27877 compute_image_mean.cpp:70] Starting iteration
I1028 14:00:56.974074 27877 compute_image_mean.cpp:95] Processed 10000 files.
I1028 14:00:58.326448 27877 compute_image_mean.cpp:95] Processed 20000 files.
I1028 14:00:59.678380 27877 compute_image_mean.cpp:95] Processed 30000 files.
I1028 14:01:01.030464 27877 compute_image_mean.cpp:95] Processed 40000 files.
I1028 14:01:02.380601 27877 compute_image_mean.cpp:95] Processed 50000 files.
I1028 14:01:02.751530 27877 compute_image_mean.cpp:101] Processed 52745 files.
I1028 14:01:02.751706 27877 compute_image_mean.cpp:108] Write to ./sec_2/mean.binaryproto
I1028 14:01:02.752528 27877 compute_image_mean.cpp:114] Number of channels: 3
I1028 14:01:02.752604 27877 compute_image_mean.cpp:119] mean_value channel [0]: 103.355
I1028 14:01:02.752693 27877 compute_image_mean.cpp:119] mean_value channel [1]: 105.014
I1028 14:01:02.752769 27877 compute_image_mean.cpp:119] mean_value channel [2]: 86.9872
mean done
I1028 14:01:03.110357 27890 convert_imageset.cpp:86] Shuffling data
I1028 14:01:03.878092 27890 convert_imageset.cpp:89] A total of 52745 images.
I1028 14:01:03.878268 27890 db_lmdb.cpp:35] Opened lmdb ./sec_3/train_lmdb
I1028 14:01:07.722793 27890 convert_imageset.cpp:147] Processed 1000 files.
I1028 14:01:11.505969 27890 convert_imageset.cpp:147] Processed 2000 files.
I1028 14:01:15.297544 27890 convert_imageset.cpp:147] Processed 3000 files.
I1028 14:01:19.064012 27890 convert_imageset.cpp:147] Processed 4000 files.
I1028 14:01:22.872026 27890 convert_imageset.cpp:147] Processed 5000 files.
I1028 14:01:26.647076 27890 convert_imageset.cpp:147] Processed 6000 files.
I1028 14:01:30.463605 27890 convert_imageset.cpp:147] Processed 7000 files.
I1028 14:01:34.338454 27890 convert_imageset.cpp:147] Processed 8000 files.
I1028 14:01:38.113369 27890 convert_imageset.cpp:147] Processed 9000 files.
I1028 14:01:41.946463 27890 convert_imageset.cpp:147] Processed 10000 files.
I1028 14:01:45.729718 27890 convert_imageset.cpp:147] Processed 11000 files.
I1028 14:01:49.562858 27890 convert_imageset.cpp:147] Processed 12000 files.
I1028 14:01:53.346083 27890 convert_imageset.cpp:147] Processed 13000 files.
I1028 14:01:57.137580 27890 convert_imageset.cpp:147] Processed 14000 files.
I1028 14:02:01.104096 27890 convert_imageset.cpp:147] Processed 15000 files.
I1028 14:02:04.879052 27890 convert_imageset.cpp:147] Processed 16000 files.
I1028 14:02:08.695507 27890 convert_imageset.cpp:147] Processed 17000 files.
I1028 14:02:12.503634 27890 convert_imageset.cpp:147] Processed 18000 files.
I1028 14:02:16.278551 27890 convert_imageset.cpp:147] Processed 19000 files.
I1028 14:02:20.111686 27890 convert_imageset.cpp:147] Processed 20000 files.
I1028 14:02:23.928262 27890 convert_imageset.cpp:147] Processed 21000 files.
I1028 14:02:27.769732 27890 convert_imageset.cpp:147] Processed 22000 files.
I1028 14:02:31.577975 27890 convert_imageset.cpp:147] Processed 23000 files.
I1028 14:02:35.494212 27890 convert_imageset.cpp:147] Processed 24000 files.
I1028 14:02:39.327663 27890 convert_imageset.cpp:147] Processed 25000 files.
I1028 14:02:43.094133 27890 convert_imageset.cpp:147] Processed 26000 files.
I1028 14:02:46.894047 27890 convert_imageset.cpp:147] Processed 27000 files.
I1028 14:02:50.685571 27890 convert_imageset.cpp:147] Processed 28000 files.
I1028 14:02:54.460413 27890 convert_imageset.cpp:147] Processed 29000 files.
I1028 14:02:58.268569 27890 convert_imageset.cpp:147] Processed 30000 files.
I1028 14:03:02.085180 27890 convert_imageset.cpp:147] Processed 31000 files.
I1028 14:03:05.943277 27890 convert_imageset.cpp:147] Processed 32000 files.
I1028 14:03:09.818192 27890 convert_imageset.cpp:147] Processed 33000 files.
I1028 14:03:13.667979 27890 convert_imageset.cpp:147] Processed 34000 files.
I1028 14:03:17.434554 27890 convert_imageset.cpp:147] Processed 35000 files.
I1028 14:03:21.201066 27890 convert_imageset.cpp:147] Processed 36000 files.
I1028 14:03:25.034260 27890 convert_imageset.cpp:147] Processed 37000 files.
I1028 14:03:28.834074 27890 convert_imageset.cpp:147] Processed 38000 files.
I1028 14:03:32.625679 27890 convert_imageset.cpp:147] Processed 39000 files.
I1028 14:03:36.417125 27890 convert_imageset.cpp:147] Processed 40000 files.
I1028 14:03:40.250344 27890 convert_imageset.cpp:147] Processed 41000 files.
I1028 14:03:44.041812 27890 convert_imageset.cpp:147] Processed 42000 files.
I1028 14:03:47.858391 27890 convert_imageset.cpp:147] Processed 43000 files.
I1028 14:03:51.691524 27890 convert_imageset.cpp:147] Processed 44000 files.
I1028 14:03:55.474776 27890 convert_imageset.cpp:147] Processed 45000 files.
I1028 14:03:59.274564 27890 convert_imageset.cpp:147] Processed 46000 files.
I1028 14:04:03.116132 27890 convert_imageset.cpp:147] Processed 47000 files.
I1028 14:04:06.882298 27890 convert_imageset.cpp:147] Processed 48000 files.
I1028 14:04:10.715833 27890 convert_imageset.cpp:147] Processed 49000 files.
I1028 14:04:14.507302 27890 convert_imageset.cpp:147] Processed 50000 files.
I1028 14:04:18.365556 27890 convert_imageset.cpp:147] Processed 51000 files.
I1028 14:04:22.123697 27890 convert_imageset.cpp:147] Processed 52000 files.
I1028 14:04:25.015167 27890 convert_imageset.cpp:153] Processed 52745 files.
train_lmdb done
I1028 14:04:25.818310 27912 convert_imageset.cpp:86] Shuffling data
I1028 14:04:26.623404 27912 convert_imageset.cpp:89] A total of 13186 images.
I1028 14:04:26.623738 27912 db_lmdb.cpp:35] Opened lmdb ./sec_3/val_lmdb
I1028 14:04:30.467262 27912 convert_imageset.cpp:147] Processed 1000 files.
I1028 14:04:34.225459 27912 convert_imageset.cpp:147] Processed 2000 files.
I1028 14:04:38.066978 27912 convert_imageset.cpp:147] Processed 3000 files.
I1028 14:04:41.850121 27912 convert_imageset.cpp:147] Processed 4000 files.
I1028 14:04:45.650028 27912 convert_imageset.cpp:147] Processed 5000 files.
I1028 14:04:49.508152 27912 convert_imageset.cpp:147] Processed 6000 files.
I1028 14:04:53.291349 27912 convert_imageset.cpp:147] Processed 7000 files.
I1028 14:04:57.091199 27912 convert_imageset.cpp:147] Processed 8000 files.
I1028 14:05:00.916112 27912 convert_imageset.cpp:147] Processed 9000 files.
I1028 14:05:04.749279 27912 convert_imageset.cpp:147] Processed 10000 files.
I1028 14:05:08.549185 27912 convert_imageset.cpp:147] Processed 11000 files.
I1028 14:05:12.365634 27912 convert_imageset.cpp:147] Processed 12000 files.
I1028 14:05:16.223824 27912 convert_imageset.cpp:147] Processed 13000 files.
I1028 14:05:16.973361 27912 convert_imageset.cpp:153] Processed 13186 files.
val_lmdb done
I1028 14:05:17.945973 27926 db_lmdb.cpp:35] Opened lmdb ./sec_3/train_lmdb
I1028 14:05:17.963716 27926 compute_image_mean.cpp:70] Starting iteration
I1028 14:05:19.332159 27926 compute_image_mean.cpp:95] Processed 10000 files.
I1028 14:05:20.691473 27926 compute_image_mean.cpp:95] Processed 20000 files.
I1028 14:05:22.049263 27926 compute_image_mean.cpp:95] Processed 30000 files.
I1028 14:05:23.409235 27926 compute_image_mean.cpp:95] Processed 40000 files.
I1028 14:05:24.768036 27926 compute_image_mean.cpp:95] Processed 50000 files.
I1028 14:05:25.141454 27926 compute_image_mean.cpp:101] Processed 52745 files.
I1028 14:05:25.141633 27926 compute_image_mean.cpp:108] Write to ./sec_3/mean.binaryproto
I1028 14:05:25.142465 27926 compute_image_mean.cpp:114] Number of channels: 3
I1028 14:05:25.142542 27926 compute_image_mean.cpp:119] mean_value channel [0]: 103.33
I1028 14:05:25.142633 27926 compute_image_mean.cpp:119] mean_value channel [1]: 104.983
I1028 14:05:25.142709 27926 compute_image_mean.cpp:119] mean_value channel [2]: 86.9853
mean done
I1028 14:05:25.500164 27939 convert_imageset.cpp:86] Shuffling data
I1028 14:05:26.283514 27939 convert_imageset.cpp:89] A total of 52744 images.
I1028 14:05:26.283692 27939 db_lmdb.cpp:35] Opened lmdb ./sec_4/train_lmdb
I1028 14:05:30.234081 27939 convert_imageset.cpp:147] Processed 1000 files.
I1028 14:05:33.975594 27939 convert_imageset.cpp:147] Processed 2000 files.
I1028 14:05:37.792146 27939 convert_imageset.cpp:147] Processed 3000 files.
I1028 14:05:41.608608 27939 convert_imageset.cpp:147] Processed 4000 files.
I1028 14:05:45.458197 27939 convert_imageset.cpp:147] Processed 5000 files.
I1028 14:05:49.233364 27939 convert_imageset.cpp:147] Processed 6000 files.
I1028 14:05:53.058215 27939 convert_imageset.cpp:147] Processed 7000 files.
I1028 14:05:56.924757 27939 convert_imageset.cpp:147] Processed 8000 files.
I1028 14:06:00.733098 27939 convert_imageset.cpp:147] Processed 9000 files.
I1028 14:06:04.574422 27939 convert_imageset.cpp:147] Processed 10000 files.
I1028 14:06:08.432626 27939 convert_imageset.cpp:147] Processed 11000 files.
I1028 14:06:12.257488 27939 convert_imageset.cpp:147] Processed 12000 files.
I1028 14:06:16.115643 27939 convert_imageset.cpp:147] Processed 13000 files.
I1028 14:06:19.923796 27939 convert_imageset.cpp:147] Processed 14000 files.
I1028 14:06:23.748711 27939 convert_imageset.cpp:147] Processed 15000 files.
I1028 14:06:27.531667 27939 convert_imageset.cpp:147] Processed 16000 files.
I1028 14:06:31.448403 27939 convert_imageset.cpp:147] Processed 17000 files.
I1028 14:06:35.231595 27939 convert_imageset.cpp:147] Processed 18000 files.
I1028 14:06:39.014747 27939 convert_imageset.cpp:147] Processed 19000 files.
I1028 14:06:42.906288 27939 convert_imageset.cpp:147] Processed 20000 files.
I1028 14:06:46.755832 27939 convert_imageset.cpp:147] Processed 21000 files.
I1028 14:06:50.580960 27939 convert_imageset.cpp:147] Processed 22000 files.
I1028 14:06:54.464188 27939 convert_imageset.cpp:147] Processed 23000 files.
I1028 14:06:58.280692 27939 convert_imageset.cpp:147] Processed 24000 files.
I1028 14:07:02.072230 27939 convert_imageset.cpp:147] Processed 25000 files.
I1028 14:07:05.872050 27939 convert_imageset.cpp:147] Processed 26000 files.
I1028 14:07:09.680268 27939 convert_imageset.cpp:147] Processed 27000 files.
I1028 14:07:13.555089 27939 convert_imageset.cpp:147] Processed 28000 files.
I1028 14:07:17.321578 27939 convert_imageset.cpp:147] Processed 29000 files.
I1028 14:07:21.171456 27939 convert_imageset.cpp:147] Processed 30000 files.
I1028 14:07:24.971348 27939 convert_imageset.cpp:147] Processed 31000 files.
I1028 14:07:28.779515 27939 convert_imageset.cpp:147] Processed 32000 files.
I1028 14:07:32.621079 27939 convert_imageset.cpp:147] Processed 33000 files.
I1028 14:07:36.470881 27939 convert_imageset.cpp:147] Processed 34000 files.
I1028 14:07:40.287423 27939 convert_imageset.cpp:147] Processed 35000 files.
I1028 14:07:44.145593 27939 convert_imageset.cpp:147] Processed 36000 files.
I1028 14:07:48.028796 27939 convert_imageset.cpp:147] Processed 37000 files.
I1028 14:07:51.803620 27939 convert_imageset.cpp:147] Processed 38000 files.
I1028 14:07:55.803488 27939 convert_imageset.cpp:147] Processed 39000 files.
I1028 14:08:00.178306 27939 convert_imageset.cpp:147] Processed 40000 files.
I1028 14:08:05.063601 27939 convert_imageset.cpp:147] Processed 41000 files.
I1028 14:08:10.586159 27939 convert_imageset.cpp:147] Processed 42000 files.
I1028 14:08:15.986052 27939 convert_imageset.cpp:147] Processed 43000 files.
I1028 14:08:21.743847 27939 convert_imageset.cpp:147] Processed 44000 files.
I1028 14:08:27.752265 27939 convert_imageset.cpp:147] Processed 45000 files.
I1028 14:08:33.560336 27939 convert_imageset.cpp:147] Processed 46000 files.
I1028 14:08:39.535138 27939 convert_imageset.cpp:147] Processed 47000 files.
I1028 14:08:45.251559 27939 convert_imageset.cpp:147] Processed 48000 files.
I1028 14:08:50.893064 27939 convert_imageset.cpp:147] Processed 49000 files.
I1028 14:08:56.867780 27939 convert_imageset.cpp:147] Processed 50000 files.
I1028 14:09:02.550940 27939 convert_imageset.cpp:147] Processed 51000 files.
I1028 14:09:08.309013 27939 convert_imageset.cpp:147] Processed 52000 files.
I1028 14:09:12.483749 27939 convert_imageset.cpp:153] Processed 52744 files.
train_lmdb done
I1028 14:09:13.133702 27962 convert_imageset.cpp:86] Shuffling data
I1028 14:09:14.061965 27962 convert_imageset.cpp:89] A total of 13187 images.
I1028 14:09:14.062139 27962 db_lmdb.cpp:35] Opened lmdb ./sec_4/val_lmdb
I1028 14:09:20.541515 27962 convert_imageset.cpp:147] Processed 1000 files.
I1028 14:09:26.607875 27962 convert_imageset.cpp:147] Processed 2000 files.
I1028 14:09:32.807687 27962 convert_imageset.cpp:147] Processed 3000 files.
I1028 14:09:39.674052 27962 convert_imageset.cpp:147] Processed 4000 files.
I1028 14:09:45.882213 27962 convert_imageset.cpp:147] Processed 5000 files.
I1028 14:09:52.681891 27962 convert_imageset.cpp:147] Processed 6000 files.
I1028 14:09:59.423319 27962 convert_imageset.cpp:147] Processed 7000 files.
I1028 14:10:05.731374 27962 convert_imageset.cpp:147] Processed 8000 files.
I1028 14:10:11.980957 27962 convert_imageset.cpp:147] Processed 9000 files.
I1028 14:10:18.572569 27962 convert_imageset.cpp:147] Processed 10000 files.
I1028 14:10:25.064002 27962 convert_imageset.cpp:147] Processed 11000 files.
I1028 14:10:31.613790 27962 convert_imageset.cpp:147] Processed 12000 files.
I1028 14:10:38.430166 27962 convert_imageset.cpp:147] Processed 13000 files.
I1028 14:10:39.662991 27962 convert_imageset.cpp:153] Processed 13187 files.
val_lmdb done
I1028 14:10:40.687467 27976 db_lmdb.cpp:35] Opened lmdb ./sec_4/train_lmdb
I1028 14:10:40.687922 27976 compute_image_mean.cpp:70] Starting iteration
I1028 14:10:42.045918 27976 compute_image_mean.cpp:95] Processed 10000 files.
I1028 14:10:43.405264 27976 compute_image_mean.cpp:95] Processed 20000 files.
I1028 14:10:44.760594 27976 compute_image_mean.cpp:95] Processed 30000 files.
I1028 14:10:46.124909 27976 compute_image_mean.cpp:95] Processed 40000 files.
I1028 14:10:47.482401 27976 compute_image_mean.cpp:95] Processed 50000 files.
I1028 14:10:47.853505 27976 compute_image_mean.cpp:101] Processed 52744 files.
I1028 14:10:47.853678 27976 compute_image_mean.cpp:108] Write to ./sec_4/mean.binaryproto
I1028 14:10:47.854496 27976 compute_image_mean.cpp:114] Number of channels: 3
I1028 14:10:47.854573 27976 compute_image_mean.cpp:119] mean_value channel [0]: 103.32
I1028 14:10:47.854661 27976 compute_image_mean.cpp:119] mean_value channel [1]: 104.974
I1028 14:10:47.854737 27976 compute_image_mean.cpp:119] mean_value channel [2]: 86.9654
mean done
Traceback (most recent call last):
  File "mean.py", line 19, in <module>
    np.save(MEAN_NPY_PATH ,mean_npy)
  File "/usr/local/lib/python2.7/dist-packages/numpy/lib/npyio.py", line 490, in save
    fid = open(file, "wb")
IOError: [Errno 2] No such file or directory: './sec_0./mean.npy'
[[0, 13186], [13186, 26372], [26372, 39558], [39558, 52744], [52744, 65931]]
